c:\users\user\trabti\trabalhoga\trabalhojogo\debug\vc142.pdb
c:\users\user\trabti\trabalhoga\trabalhojogo\debug\vc142.idb
c:\users\user\trabti\trabalhoga\trabalhojogo\debug\glad.obj
c:\users\user\trabti\trabalhoga\trabalhojogo\debug\stb_image.obj
c:\users\user\trabti\trabalhoga\trabalhojogo\debug\shader.obj
c:\users\user\trabti\trabalhoga\trabalhojogo\debug\origem.obj
c:\users\user\trabti\trabalhoga\trabalhojogo\debug\objeto.obj
c:\users\user\pg-2021-airplane-game\trabalhoga\trabalhojogo\debug\vc142.pdb
c:\users\user\pg-2021-airplane-game\trabalhoga\trabalhojogo\debug\vc142.idb
c:\users\user\pg-2021-airplane-game\trabalhoga\trabalhojogo\debug\glad.obj
c:\users\user\pg-2021-airplane-game\trabalhoga\trabalhojogo\debug\stb_image.obj
c:\users\user\pg-2021-airplane-game\trabalhoga\trabalhojogo\debug\shader.obj
c:\users\user\pg-2021-airplane-game\trabalhoga\trabalhojogo\debug\origem.obj
c:\users\user\pg-2021-airplane-game\trabalhoga\trabalhojogo\debug\objeto.obj
c:\users\user\trabti\trabalhoga\debug\trabalhojogo.exe
c:\users\user\trabti\trabalhoga\trabalhojogo\debug\trabalhojogo.ilk
c:\users\user\trabti\trabalhoga\debug\trabalhojogo.pdb
c:\users\user\pg-2021-airplane-game\trabalhoga\trabalhojogo\debug\trabalhojogo.ilk
c:\users\user\pg-2021-airplane-game\trabalhoga\debug\trabalhojogo.exe
c:\users\user\pg-2021-airplane-game\trabalhoga\debug\trabalhojogo.pdb
c:\users\user\documents\github\pg-2021-airplane-game\trabalhoga\trabalhojogo\debug\trabalhojogo.ilk
c:\users\user\documents\github\pg-2021-airplane-game\trabalhoga\trabalhojogo\debug\vc142.idb
c:\users\user\documents\github\pg-2021-airplane-game\trabalhoga\trabalhojogo\debug\vc142.pdb
c:\users\user\documents\github\pg-2021-airplane-game\trabalhoga\debug\trabalhojogo.pdb
c:\users\user\documents\github\pg-2021-airplane-game\trabalhoga\trabalhojogo\debug\trabalhojogo.tlog\cl.command.1.tlog
c:\users\user\documents\github\pg-2021-airplane-game\trabalhoga\trabalhojogo\debug\trabalhojogo.tlog\cl.read.1.tlog
c:\users\user\documents\github\pg-2021-airplane-game\trabalhoga\trabalhojogo\debug\trabalhojogo.tlog\cl.write.1.tlog
c:\users\user\documents\github\pg-2021-airplane-game\trabalhoga\trabalhojogo\debug\trabalhojogo.tlog\link.command.1.tlog
c:\users\user\documents\github\pg-2021-airplane-game\trabalhoga\trabalhojogo\debug\trabalhojogo.tlog\link.read.1.tlog
c:\users\user\documents\github\pg-2021-airplane-game\trabalhoga\trabalhojogo\debug\trabalhojogo.tlog\link.write.1.tlog
